<?xml version="1.0" encoding="UTF-8"?>
<!-- Generated by org.testng.reporters.JUnitReportReporter -->
<testsuite skipped="0" hostname="swati" name="com.actiTime.customerTest.CreateCustomerTest" tests="1" failures="0" timestamp="22 Nov 2019 14:41:32 GMT" time="13.531" errors="0">
  <testcase name="createCustomerTest" time="13.531" classname="com.actiTime.customerTest.CreateCustomerTest"/>
</testsuite> <!-- com.actiTime.customerTest.CreateCustomerTest -->
