<?xml version="1.0" encoding="UTF-8"?>
<!-- Generated by org.testng.reporters.JUnitReportReporter -->
<testsuite skipped="0" hostname="swati" name="com.actiTime.customerTest.CreateCustomerWithDescpTest" tests="1" failures="0" timestamp="22 Nov 2019 14:46:09 GMT" time="9.016" errors="0">
  <testcase name="createCustomerWithDescpTest" time="9.016" classname="com.actiTime.customerTest.CreateCustomerWithDescpTest"/>
</testsuite> <!-- com.actiTime.customerTest.CreateCustomerWithDescpTest -->
